<?xml version="1.0" encoding="UTF-8"?>
<!-- Generated by org.testng.reporters.JUnitReportReporter -->
<testsuite hostname="DESKTOP-NGG0L7O" failures="0" tests="3" name="org.pomPack.CheckTestng" time="0.032" errors="0" timestamp="2021-07-08T00:12:52 IST" skipped="0">
  <testcase classname="org.pomPack.CheckTestng" name="test3" time="0.006"/>
  <system-out/>
  <testcase classname="org.pomPack.CheckTestng" name="test2" time="0.014"/>
  <system-out/>
  <testcase classname="org.pomPack.CheckTestng" name="test1" time="0.012"/>
  <system-out/>
</testsuite> <!-- org.pomPack.CheckTestng -->
